Using pre-set license
Built from '2020.3/staging' branch; Version is '2020.3.28f1 (f5400f52e03f) revision 16072719'; Using compiler version '192528614'; Build Type 'Release'
OS: 'Windows 10  (10.0.19044) 64bit Core' Language: 'en' Physical Memory: 16325 MB
BatchMode: 1, IsHumanControllingUs: 0, StartBugReporterOnCrash: 0, Is64bit: 1, IsPro: 0

COMMAND LINE ARGUMENTS:
C:\Program Files\Unity\Hub\Editor\2020.3.28f1\Editor\Unity.exe
-adb2
-batchMode
-noUpm
-name
AssetImportWorker0
-projectPath
D:/Documents/UnityGames/Car Customization Project
-logFile
Logs/AssetImportWorker0.log
-srvPort
53800
Successfully changed project path to: D:/Documents/UnityGames/Car Customization Project
D:/Documents/UnityGames/Car Customization Project
Using Asset Import Pipeline V2.
Refreshing native plugins compatible for Editor in 28.45 ms, found 2 plugins.
Preloading 0 native plugins for Editor in 0.00 ms.
Initialize engine version: 2020.3.28f1 (f5400f52e03f)
[Subsystems] Discovering subsystems at path C:/Program Files/Unity/Hub/Editor/2020.3.28f1/Editor/Data/Resources/UnitySubsystems
[Subsystems] Discovering subsystems at path D:/Documents/UnityGames/Car Customization Project/Assets
GfxDevice: creating device client; threaded=0
Direct3D:
    Version:  Direct3D 11.0 [level 11.1]
    Renderer: NVIDIA GeForce RTX 2070 SUPER (ID=0x1e84)
    Vendor:   
    VRAM:     8012 MB
    Driver:   30.0.15.1215
Initialize mono
Mono path[0] = 'C:/Program Files/Unity/Hub/Editor/2020.3.28f1/Editor/Data/Managed'
Mono path[1] = 'C:/Program Files/Unity/Hub/Editor/2020.3.28f1/Editor/Data/MonoBleedingEdge/lib/mono/unityjit'
Mono config path = 'C:/Program Files/Unity/Hub/Editor/2020.3.28f1/Editor/Data/MonoBleedingEdge/etc'
Using monoOptions --debugger-agent=transport=dt_socket,embedding=1,server=y,suspend=n,address=127.0.0.1:56484
Begin MonoManager ReloadAssembly
Registering precompiled unity dll's ...
Register platform support module: C:/Program Files/Unity/Hub/Editor/2020.3.28f1/Editor/Data/PlaybackEngines/WindowsStandaloneSupport/UnityEditor.WindowsStandalone.Extensions.dll
Registered in 0.001972 seconds.
Native extension for WindowsStandalone target not found
Refreshing native plugins compatible for Editor in 26.59 ms, found 2 plugins.
Preloading 0 native plugins for Editor in 0.00 ms.
Mono: successfully reloaded assembly
- Completed reload, in  0.497 seconds
Domain Reload Profiling:
	ReloadAssembly (497ms)
		BeginReloadAssembly (63ms)
			ExecutionOrderSort (0ms)
			DisableScriptedObjects (0ms)
			BackupInstance (0ms)
			ReleaseScriptingObjects (0ms)
			CreateAndSetChildDomain (1ms)
		EndReloadAssembly (373ms)
			LoadAssemblies (61ms)
			RebuildTransferFunctionScriptingTraits (0ms)
			SetupTypeCache (125ms)
			ReleaseScriptCaches (0ms)
			RebuildScriptCaches (23ms)
			SetupLoadedEditorAssemblies (134ms)
				LogAssemblyErrors (0ms)
				InitializePlatformSupportModulesInManaged (4ms)
				SetLoadedEditorAssemblies (0ms)
				RefreshPlugins (27ms)
				BeforeProcessingInitializeOnLoad (14ms)
				ProcessInitializeOnLoadAttributes (67ms)
				ProcessInitializeOnLoadMethodAttributes (22ms)
				AfterProcessingInitializeOnLoad (0ms)
				EditorAssembliesLoaded (0ms)
			ExecutionOrderSort2 (0ms)
			AwakeInstancesAfterBackupRestoration (0ms)
Platform modules already initialized, skipping
Registering precompiled user dll's ...
Registered in 0.003615 seconds.
Begin MonoManager ReloadAssembly
Native extension for WindowsStandalone target not found
Refreshing native plugins compatible for Editor in 0.30 ms, found 2 plugins.
Preloading 0 native plugins for Editor in 0.00 ms.
Mono: successfully reloaded assembly
- Completed reload, in  0.823 seconds
Domain Reload Profiling:
	ReloadAssembly (823ms)
		BeginReloadAssembly (126ms)
			ExecutionOrderSort (0ms)
			DisableScriptedObjects (4ms)
			BackupInstance (0ms)
			ReleaseScriptingObjects (0ms)
			CreateAndSetChildDomain (14ms)
		EndReloadAssembly (648ms)
			LoadAssemblies (85ms)
			RebuildTransferFunctionScriptingTraits (0ms)
			SetupTypeCache (231ms)
			ReleaseScriptCaches (0ms)
			RebuildScriptCaches (32ms)
			SetupLoadedEditorAssemblies (238ms)
				LogAssemblyErrors (0ms)
				InitializePlatformSupportModulesInManaged (4ms)
				SetLoadedEditorAssemblies (0ms)
				RefreshPlugins (0ms)
				BeforeProcessingInitializeOnLoad (62ms)
				ProcessInitializeOnLoadAttributes (157ms)
				ProcessInitializeOnLoadMethodAttributes (7ms)
				AfterProcessingInitializeOnLoad (7ms)
				EditorAssembliesLoaded (0ms)
			ExecutionOrderSort2 (0ms)
			AwakeInstancesAfterBackupRestoration (5ms)
Platform modules already initialized, skipping
========================================================================
Worker process is ready to serve import requests
Launched and connected shader compiler UnityShaderCompiler.exe after 0.12 seconds
Refreshing native plugins compatible for Editor in 0.30 ms, found 2 plugins.
Preloading 0 native plugins for Editor in 0.00 ms.
Unloading 1506 Unused Serialized files (Serialized files now loaded: 0)
System memory in use before: 69.1 MB.
System memory in use after: 69.2 MB.

Unloading 19 unused Assets to reduce memory usage. Loaded Objects now: 1941.
Total: 2.031700 ms (FindLiveObjects: 0.095400 ms CreateObjectMapping: 0.035400 ms MarkObjects: 1.851100 ms  DeleteObjects: 0.049100 ms)

AssetImportParameters requested are different than current active one (requested -> active):
  custom:framework-win-MediaFoundation: 216162199b28c13a410421893ffa2e32 -> 
  custom:video-decoder-ogg-theora: a1e56fd34408186e4bbccfd4996cb3dc -> 
  custom:container-muxer-webm: aa71ff27fc2769a1b78a27578f13a17b -> 
  custom:container-demuxer-webm: 4f35f7cbe854078d1ac9338744f61a02 -> 
  custom:container-demuxer-ogg: 62fdf1f143b41e24485cea50d1cbac27 -> 
  custom:video-encoder-webm-vp8: eb34c28f22e8b96e1ab97ce403110664 -> 
  custom:video-decoder-webm-vp8: 9c59270c3fd7afecdb556c50c9e8de78 -> 
  custom:audio-decoder-ogg-vorbis: bf7c407c2cedff20999df2af8eb42d56 -> 
  custom:audio-encoder-webm-vorbis: bf7c407c2cedff20999df2af8eb42d56 -> 
========================================================================
Received Import Request.
  path: Assets/Variant Assets/Bars/Small Plow.prefab
  artifactKey: Guid(9287cd3521fb25b4ebe29506fa52ac8f) Importer(815301076,1909f56bfc062723c751e8b465ee728b)
Start importing Assets/Variant Assets/Bars/Small Plow.prefab using Guid(9287cd3521fb25b4ebe29506fa52ac8f) Importer(815301076,1909f56bfc062723c751e8b465ee728b)  -> (artifact id: '6b99f46c45b16dc00d134e27087f6f47') in 0.142366 seconds 
  Import took 0.144801 seconds .

========================================================================
Received Import Request.
  Time since last request: 6.104080 seconds.
  path: Assets/Variant Assets/Bars/Cage.prefab
  artifactKey: Guid(07f2a8227f9a25640a0aed921084c8f3) Importer(815301076,1909f56bfc062723c751e8b465ee728b)
Start importing Assets/Variant Assets/Bars/Cage.prefab using Guid(07f2a8227f9a25640a0aed921084c8f3) Importer(815301076,1909f56bfc062723c751e8b465ee728b)  -> (artifact id: '545bf2700c4f13a5491757b5fd3c29fe') in 0.010103 seconds 
  Import took 0.027748 seconds .

========================================================================
Received Import Request.
  Time since last request: 5.773178 seconds.
  path: Assets/Variant Assets/Bars/Spiked.prefab
  artifactKey: Guid(87f0b26213fafa84cad6a774b818d6a1) Importer(815301076,1909f56bfc062723c751e8b465ee728b)
Start importing Assets/Variant Assets/Bars/Spiked.prefab using Guid(87f0b26213fafa84cad6a774b818d6a1) Importer(815301076,1909f56bfc062723c751e8b465ee728b)  -> (artifact id: '76b90b1680a082e82e2514b4d7f04980') in 0.009343 seconds 
  Import took 0.012098 seconds .

========================================================================
Received Import Request.
  Time since last request: 9.185419 seconds.
  path: Assets/Variant Assets/Bars/Grate.prefab
  artifactKey: Guid(f4b90c75f40f0f34c8a618eb497da3a4) Importer(815301076,1909f56bfc062723c751e8b465ee728b)
Start importing Assets/Variant Assets/Bars/Grate.prefab using Guid(f4b90c75f40f0f34c8a618eb497da3a4) Importer(815301076,1909f56bfc062723c751e8b465ee728b)  -> (artifact id: '75387d4653cb86c960de66122bd0e615') in 0.009971 seconds 
  Import took 0.012873 seconds .

========================================================================
Received Import Request.
  Time since last request: 7.112984 seconds.
  path: Assets/Variant Assets/Bars/Large Plow.prefab
  artifactKey: Guid(75a7d0cd2dfc05c48ba44e8b0ed92f2d) Importer(815301076,1909f56bfc062723c751e8b465ee728b)
Start importing Assets/Variant Assets/Bars/Large Plow.prefab using Guid(75a7d0cd2dfc05c48ba44e8b0ed92f2d) Importer(815301076,1909f56bfc062723c751e8b465ee728b)  -> (artifact id: 'b61a1551eee151c924d5d05f019ccf90') in 0.009824 seconds 
  Import took 0.012259 seconds .

========================================================================
Received Import Request.
  Time since last request: 28.062440 seconds.
  path: Assets/Variant Assets/Cars/Buggy.prefab
  artifactKey: Guid(0599607a9c99bb049b67b705eacc1a93) Importer(815301076,1909f56bfc062723c751e8b465ee728b)
Start importing Assets/Variant Assets/Cars/Buggy.prefab using Guid(0599607a9c99bb049b67b705eacc1a93) Importer(815301076,1909f56bfc062723c751e8b465ee728b)  -> (artifact id: '24c9cb867f763e6a5fcc458f86101945') in 0.034015 seconds 
  Import took 0.039367 seconds .

========================================================================
Received Import Request.
  Time since last request: 6.725104 seconds.
  path: Assets/Variant Assets/Cars/H-Coupe.prefab
  artifactKey: Guid(ab5fc937474aafa439d09766cb9a84e4) Importer(815301076,1909f56bfc062723c751e8b465ee728b)
Start importing Assets/Variant Assets/Cars/H-Coupe.prefab using Guid(ab5fc937474aafa439d09766cb9a84e4) Importer(815301076,1909f56bfc062723c751e8b465ee728b)  -> (artifact id: '8f6e57b41f48459db90baf6b36dc5d13') in 0.010191 seconds 
  Import took 0.012672 seconds .

========================================================================
Received Import Request.
  Time since last request: 5.807291 seconds.
  path: Assets/Variant Assets/Cars/L-Coupe.prefab
  artifactKey: Guid(2b34bf1c1a0ab6a44882b56f3b5a837a) Importer(815301076,1909f56bfc062723c751e8b465ee728b)
Start importing Assets/Variant Assets/Cars/L-Coupe.prefab using Guid(2b34bf1c1a0ab6a44882b56f3b5a837a) Importer(815301076,1909f56bfc062723c751e8b465ee728b)  -> (artifact id: 'e5f0a4bde54a620a2093af6a6c69bb60') in 0.010516 seconds 
  Import took 0.013250 seconds .

========================================================================
Received Import Request.
  Time since last request: 6.716152 seconds.
  path: Assets/Variant Assets/Cars/Minibus.prefab
  artifactKey: Guid(76a3e3ac00f526544a2da459e16826f4) Importer(815301076,1909f56bfc062723c751e8b465ee728b)
Start importing Assets/Variant Assets/Cars/Minibus.prefab using Guid(76a3e3ac00f526544a2da459e16826f4) Importer(815301076,1909f56bfc062723c751e8b465ee728b)  -> (artifact id: '0a677588c971aadf91c84acdff3edce7') in 0.026214 seconds 
  Import took 0.029295 seconds .

========================================================================
Received Import Request.
  Time since last request: 6.563699 seconds.
  path: Assets/Variant Assets/Cars/Pickup Truck.prefab
  artifactKey: Guid(2f1c7941529eb424ab68e642ef06f7cb) Importer(815301076,1909f56bfc062723c751e8b465ee728b)
Start importing Assets/Variant Assets/Cars/Pickup Truck.prefab using Guid(2f1c7941529eb424ab68e642ef06f7cb) Importer(815301076,1909f56bfc062723c751e8b465ee728b)  -> (artifact id: '7d32ee1a4362a0673d60cdd0cb468721') in 0.017435 seconds 
  Import took 0.019940 seconds .

========================================================================
Received Import Request.
  Time since last request: 35.296759 seconds.
  path: Assets/Variant Assets/Tires/Tires 1/Regular Tires.prefab
  artifactKey: Guid(a1ce46a889913614781f072396fd5289) Importer(815301076,1909f56bfc062723c751e8b465ee728b)
Start importing Assets/Variant Assets/Tires/Tires 1/Regular Tires.prefab using Guid(a1ce46a889913614781f072396fd5289) Importer(815301076,1909f56bfc062723c751e8b465ee728b)  -> (artifact id: '72f796b759586a85585ce29e1e8a9ab7') in 0.010295 seconds 
  Import took 0.013546 seconds .

========================================================================
Received Import Request.
  Time since last request: 23.904067 seconds.
  path: Assets/Variant Assets/Tires/Tires 2/Spiked Tires.prefab
  artifactKey: Guid(81a4dc4fc9b3ab04fb0c5f0639b5a1dd) Importer(815301076,1909f56bfc062723c751e8b465ee728b)
Start importing Assets/Variant Assets/Tires/Tires 2/Spiked Tires.prefab using Guid(81a4dc4fc9b3ab04fb0c5f0639b5a1dd) Importer(815301076,1909f56bfc062723c751e8b465ee728b)  -> (artifact id: '5632da87b8d807795bb203c0939ca175') in 0.009670 seconds 
  Import took 0.012616 seconds .

========================================================================
Received Import Request.
  Time since last request: 7.304646 seconds.
  path: Assets/Variant Assets/Tires/Tires 3/Tire_v3_L Variant.prefab
  artifactKey: Guid(73301f4af2c28af42b90cc53b9870346) Importer(815301076,1909f56bfc062723c751e8b465ee728b)
Start importing Assets/Variant Assets/Tires/Tires 3/Tire_v3_L Variant.prefab using Guid(73301f4af2c28af42b90cc53b9870346) Importer(815301076,1909f56bfc062723c751e8b465ee728b)  -> (artifact id: '158ac0f7abf4dca85aed2eed18fb8cff') in 0.049847 seconds 
  Import took 0.067688 seconds .

========================================================================
Received Import Request.
  Time since last request: 7.645291 seconds.
  path: Assets/Variant Assets/Tires/Tires 3/Arrow Tread Tires.prefab
  artifactKey: Guid(73301f4af2c28af42b90cc53b9870346) Importer(815301076,1909f56bfc062723c751e8b465ee728b)
Start importing Assets/Variant Assets/Tires/Tires 3/Arrow Tread Tires.prefab using Guid(73301f4af2c28af42b90cc53b9870346) Importer(815301076,1909f56bfc062723c751e8b465ee728b)  -> (artifact id: 'd86427e4664d63f50e21ee9a7a054b1c') in 0.009097 seconds 
  Import took 0.023303 seconds .

========================================================================
Received Import Request.
  Time since last request: 11.433508 seconds.
  path: Assets/Variant Assets/Tires/Tires 4/Large Smooth Tires.prefab
  artifactKey: Guid(36c73dda977b7da41a54280ff6997bae) Importer(815301076,1909f56bfc062723c751e8b465ee728b)
Start importing Assets/Variant Assets/Tires/Tires 4/Large Smooth Tires.prefab using Guid(36c73dda977b7da41a54280ff6997bae) Importer(815301076,1909f56bfc062723c751e8b465ee728b)  -> (artifact id: '98a701daf209629c685b9897c0e077f7') in 0.009170 seconds 
  Import took 0.032338 seconds .

========================================================================
Received Import Request.
  Time since last request: 9.452775 seconds.
  path: Assets/Variant Assets/Tires/Tires 5/Medium Smooth Tires.prefab
  artifactKey: Guid(4183aea0b03087a469710aeb3b35ffe8) Importer(815301076,1909f56bfc062723c751e8b465ee728b)
Start importing Assets/Variant Assets/Tires/Tires 5/Medium Smooth Tires.prefab using Guid(4183aea0b03087a469710aeb3b35ffe8) Importer(815301076,1909f56bfc062723c751e8b465ee728b)  -> (artifact id: 'd5f2ee629d37a4618f3d7a3821b34e36') in 0.009351 seconds 
  Import took 0.082916 seconds .

========================================================================
Received Import Request.
  Time since last request: 15.255491 seconds.
  path: Assets/Variant Assets/Tires/Tires 6/Small Smooth Tires.prefab
  artifactKey: Guid(fc74beac30aa8c446ae8911943fd94b3) Importer(815301076,1909f56bfc062723c751e8b465ee728b)
Start importing Assets/Variant Assets/Tires/Tires 6/Small Smooth Tires.prefab using Guid(fc74beac30aa8c446ae8911943fd94b3) Importer(815301076,1909f56bfc062723c751e8b465ee728b)  -> (artifact id: '9e69fb2eb6d31539718b5a03db20fed9') in 0.010126 seconds 
  Import took 0.013035 seconds .

========================================================================
Received Prepare
Registering precompiled user dll's ...
Registered in 0.003480 seconds.
Begin MonoManager ReloadAssembly
Native extension for WindowsStandalone target not found
Refreshing native plugins compatible for Editor in 0.30 ms, found 2 plugins.
Preloading 0 native plugins for Editor in 0.00 ms.
Mono: successfully reloaded assembly
- Completed reload, in  0.787 seconds
Domain Reload Profiling:
	ReloadAssembly (788ms)
		BeginReloadAssembly (103ms)
			ExecutionOrderSort (0ms)
			DisableScriptedObjects (3ms)
			BackupInstance (0ms)
			ReleaseScriptingObjects (0ms)
			CreateAndSetChildDomain (26ms)
		EndReloadAssembly (635ms)
			LoadAssemblies (88ms)
			RebuildTransferFunctionScriptingTraits (0ms)
			SetupTypeCache (226ms)
			ReleaseScriptCaches (1ms)
			RebuildScriptCaches (29ms)
			SetupLoadedEditorAssemblies (233ms)
				LogAssemblyErrors (0ms)
				InitializePlatformSupportModulesInManaged (4ms)
				SetLoadedEditorAssemblies (0ms)
				RefreshPlugins (0ms)
				BeforeProcessingInitializeOnLoad (60ms)
				ProcessInitializeOnLoadAttributes (154ms)
				ProcessInitializeOnLoadMethodAttributes (7ms)
				AfterProcessingInitializeOnLoad (7ms)
				EditorAssembliesLoaded (0ms)
			ExecutionOrderSort2 (0ms)
			AwakeInstancesAfterBackupRestoration (5ms)
Platform modules already initialized, skipping
Refreshing native plugins compatible for Editor in 0.31 ms, found 2 plugins.
Preloading 0 native plugins for Editor in 0.00 ms.
Unloading 1500 Unused Serialized files (Serialized files now loaded: 0)
System memory in use before: 72.2 MB.
System memory in use after: 72.3 MB.

Unloading 14 unused Assets to reduce memory usage. Loaded Objects now: 1950.
Total: 2.173400 ms (FindLiveObjects: 0.100600 ms CreateObjectMapping: 0.040600 ms MarkObjects: 2.016300 ms  DeleteObjects: 0.015200 ms)

AssetImportParameters requested are different than current active one (requested -> active):
  custom:framework-win-MediaFoundation: 216162199b28c13a410421893ffa2e32 -> 
  custom:video-decoder-ogg-theora: a1e56fd34408186e4bbccfd4996cb3dc -> 
  custom:container-muxer-webm: aa71ff27fc2769a1b78a27578f13a17b -> 
  custom:container-demuxer-webm: 4f35f7cbe854078d1ac9338744f61a02 -> 
  custom:container-demuxer-ogg: 62fdf1f143b41e24485cea50d1cbac27 -> 
  custom:video-encoder-webm-vp8: eb34c28f22e8b96e1ab97ce403110664 -> 
  custom:video-decoder-webm-vp8: 9c59270c3fd7afecdb556c50c9e8de78 -> 
  custom:audio-decoder-ogg-vorbis: bf7c407c2cedff20999df2af8eb42d56 -> 
  custom:audio-encoder-webm-vorbis: bf7c407c2cedff20999df2af8eb42d56 -> 
========================================================================
Received Prepare
Registering precompiled user dll's ...
Registered in 0.003418 seconds.
Begin MonoManager ReloadAssembly
Native extension for WindowsStandalone target not found
Refreshing native plugins compatible for Editor in 0.30 ms, found 2 plugins.
Preloading 0 native plugins for Editor in 0.00 ms.
Mono: successfully reloaded assembly
- Completed reload, in  0.795 seconds
Domain Reload Profiling:
	ReloadAssembly (795ms)
		BeginReloadAssembly (95ms)
			ExecutionOrderSort (0ms)
			DisableScriptedObjects (4ms)
			BackupInstance (0ms)
			ReleaseScriptingObjects (0ms)
			CreateAndSetChildDomain (24ms)
		EndReloadAssembly (649ms)
			LoadAssemblies (86ms)
			RebuildTransferFunctionScriptingTraits (0ms)
			SetupTypeCache (229ms)
			ReleaseScriptCaches (1ms)
			RebuildScriptCaches (30ms)
			SetupLoadedEditorAssemblies (238ms)
				LogAssemblyErrors (0ms)
				InitializePlatformSupportModulesInManaged (4ms)
				SetLoadedEditorAssemblies (0ms)
				RefreshPlugins (0ms)
				BeforeProcessingInitializeOnLoad (59ms)
				ProcessInitializeOnLoadAttributes (159ms)
				ProcessInitializeOnLoadMethodAttributes (8ms)
				AfterProcessingInitializeOnLoad (7ms)
				EditorAssembliesLoaded (0ms)
			ExecutionOrderSort2 (0ms)
			AwakeInstancesAfterBackupRestoration (6ms)
Platform modules already initialized, skipping
Refreshing native plugins compatible for Editor in 0.38 ms, found 2 plugins.
Preloading 0 native plugins for Editor in 0.00 ms.
Unloading 1500 Unused Serialized files (Serialized files now loaded: 0)
System memory in use before: 72.2 MB.
System memory in use after: 72.3 MB.

Unloading 14 unused Assets to reduce memory usage. Loaded Objects now: 1952.
Total: 2.073100 ms (FindLiveObjects: 0.115100 ms CreateObjectMapping: 0.042400 ms MarkObjects: 1.899500 ms  DeleteObjects: 0.015400 ms)

AssetImportParameters requested are different than current active one (requested -> active):
  custom:framework-win-MediaFoundation: 216162199b28c13a410421893ffa2e32 -> 
  custom:video-decoder-ogg-theora: a1e56fd34408186e4bbccfd4996cb3dc -> 
  custom:container-muxer-webm: aa71ff27fc2769a1b78a27578f13a17b -> 
  custom:container-demuxer-webm: 4f35f7cbe854078d1ac9338744f61a02 -> 
  custom:container-demuxer-ogg: 62fdf1f143b41e24485cea50d1cbac27 -> 
  custom:video-encoder-webm-vp8: eb34c28f22e8b96e1ab97ce403110664 -> 
  custom:video-decoder-webm-vp8: 9c59270c3fd7afecdb556c50c9e8de78 -> 
  custom:audio-decoder-ogg-vorbis: bf7c407c2cedff20999df2af8eb42d56 -> 
  custom:audio-encoder-webm-vorbis: bf7c407c2cedff20999df2af8eb42d56 -> 
========================================================================
Received Prepare
Registering precompiled user dll's ...
Registered in 0.003293 seconds.
Begin MonoManager ReloadAssembly
Native extension for WindowsStandalone target not found
Refreshing native plugins compatible for Editor in 0.32 ms, found 2 plugins.
Preloading 0 native plugins for Editor in 0.00 ms.
Mono: successfully reloaded assembly
- Completed reload, in  0.758 seconds
Domain Reload Profiling:
	ReloadAssembly (758ms)
		BeginReloadAssembly (91ms)
			ExecutionOrderSort (0ms)
			DisableScriptedObjects (4ms)
			BackupInstance (0ms)
			ReleaseScriptingObjects (0ms)
			CreateAndSetChildDomain (23ms)
		EndReloadAssembly (619ms)
			LoadAssemblies (80ms)
			RebuildTransferFunctionScriptingTraits (0ms)
			SetupTypeCache (224ms)
			ReleaseScriptCaches (1ms)
			RebuildScriptCaches (29ms)
			SetupLoadedEditorAssemblies (222ms)
				LogAssemblyErrors (0ms)
				InitializePlatformSupportModulesInManaged (4ms)
				SetLoadedEditorAssemblies (0ms)
				RefreshPlugins (0ms)
				BeforeProcessingInitializeOnLoad (58ms)
				ProcessInitializeOnLoadAttributes (146ms)
				ProcessInitializeOnLoadMethodAttributes (7ms)
				AfterProcessingInitializeOnLoad (6ms)
				EditorAssembliesLoaded (0ms)
			ExecutionOrderSort2 (0ms)
			AwakeInstancesAfterBackupRestoration (5ms)
Platform modules already initialized, skipping
Refreshing native plugins compatible for Editor in 0.33 ms, found 2 plugins.
Preloading 0 native plugins for Editor in 0.00 ms.
Unloading 1500 Unused Serialized files (Serialized files now loaded: 0)
System memory in use before: 72.2 MB.
System memory in use after: 72.3 MB.

Unloading 14 unused Assets to reduce memory usage. Loaded Objects now: 1954.
Total: 2.243400 ms (FindLiveObjects: 0.091800 ms CreateObjectMapping: 0.036200 ms MarkObjects: 2.099300 ms  DeleteObjects: 0.015200 ms)

AssetImportParameters requested are different than current active one (requested -> active):
  custom:framework-win-MediaFoundation: 216162199b28c13a410421893ffa2e32 -> 
  custom:video-decoder-ogg-theora: a1e56fd34408186e4bbccfd4996cb3dc -> 
  custom:container-muxer-webm: aa71ff27fc2769a1b78a27578f13a17b -> 
  custom:container-demuxer-webm: 4f35f7cbe854078d1ac9338744f61a02 -> 
  custom:container-demuxer-ogg: 62fdf1f143b41e24485cea50d1cbac27 -> 
  custom:video-encoder-webm-vp8: eb34c28f22e8b96e1ab97ce403110664 -> 
  custom:video-decoder-webm-vp8: 9c59270c3fd7afecdb556c50c9e8de78 -> 
  custom:audio-decoder-ogg-vorbis: bf7c407c2cedff20999df2af8eb42d56 -> 
  custom:audio-encoder-webm-vorbis: bf7c407c2cedff20999df2af8eb42d56 -> 
========================================================================
Received Prepare
Registering precompiled user dll's ...
Registered in 0.004352 seconds.
Begin MonoManager ReloadAssembly
Native extension for WindowsStandalone target not found
Refreshing native plugins compatible for Editor in 0.34 ms, found 2 plugins.
Preloading 0 native plugins for Editor in 0.00 ms.
Mono: successfully reloaded assembly
- Completed reload, in  1.000 seconds
Domain Reload Profiling:
	ReloadAssembly (1004ms)
		BeginReloadAssembly (184ms)
			ExecutionOrderSort (0ms)
			DisableScriptedObjects (16ms)
			BackupInstance (0ms)
			ReleaseScriptingObjects (0ms)
			CreateAndSetChildDomain (63ms)
		EndReloadAssembly (755ms)
			LoadAssemblies (113ms)
			RebuildTransferFunctionScriptingTraits (0ms)
			SetupTypeCache (279ms)
			ReleaseScriptCaches (1ms)
			RebuildScriptCaches (34ms)
			SetupLoadedEditorAssemblies (267ms)
				LogAssemblyErrors (0ms)
				InitializePlatformSupportModulesInManaged (5ms)
				SetLoadedEditorAssemblies (1ms)
				RefreshPlugins (0ms)
				BeforeProcessingInitializeOnLoad (67ms)
				ProcessInitializeOnLoadAttributes (177ms)
				ProcessInitializeOnLoadMethodAttributes (9ms)
				AfterProcessingInitializeOnLoad (7ms)
				EditorAssembliesLoaded (0ms)
			ExecutionOrderSort2 (0ms)
			AwakeInstancesAfterBackupRestoration (6ms)
Platform modules already initialized, skipping
Refreshing native plugins compatible for Editor in 0.35 ms, found 2 plugins.
Preloading 0 native plugins for Editor in 0.00 ms.
Unloading 1500 Unused Serialized files (Serialized files now loaded: 0)
System memory in use before: 72.2 MB.
System memory in use after: 72.3 MB.

Unloading 14 unused Assets to reduce memory usage. Loaded Objects now: 1956.
Total: 2.363000 ms (FindLiveObjects: 0.106800 ms CreateObjectMapping: 0.072800 ms MarkObjects: 2.164500 ms  DeleteObjects: 0.018200 ms)

AssetImportParameters requested are different than current active one (requested -> active):
  custom:framework-win-MediaFoundation: 216162199b28c13a410421893ffa2e32 -> 
  custom:video-decoder-ogg-theora: a1e56fd34408186e4bbccfd4996cb3dc -> 
  custom:container-muxer-webm: aa71ff27fc2769a1b78a27578f13a17b -> 
  custom:container-demuxer-webm: 4f35f7cbe854078d1ac9338744f61a02 -> 
  custom:container-demuxer-ogg: 62fdf1f143b41e24485cea50d1cbac27 -> 
  custom:video-encoder-webm-vp8: eb34c28f22e8b96e1ab97ce403110664 -> 
  custom:video-decoder-webm-vp8: 9c59270c3fd7afecdb556c50c9e8de78 -> 
  custom:audio-decoder-ogg-vorbis: bf7c407c2cedff20999df2af8eb42d56 -> 
  custom:audio-encoder-webm-vorbis: bf7c407c2cedff20999df2af8eb42d56 -> 
========================================================================
Received Prepare
Registering precompiled user dll's ...
Registered in 0.003858 seconds.
Begin MonoManager ReloadAssembly
Native extension for WindowsStandalone target not found
Refreshing native plugins compatible for Editor in 0.33 ms, found 2 plugins.
Preloading 0 native plugins for Editor in 0.00 ms.
Mono: successfully reloaded assembly
- Completed reload, in  0.892 seconds
Domain Reload Profiling:
	ReloadAssembly (892ms)
		BeginReloadAssembly (108ms)
			ExecutionOrderSort (0ms)
			DisableScriptedObjects (4ms)
			BackupInstance (0ms)
			ReleaseScriptingObjects (0ms)
			CreateAndSetChildDomain (28ms)
		EndReloadAssembly (725ms)
			LoadAssemblies (95ms)
			RebuildTransferFunctionScriptingTraits (0ms)
			SetupTypeCache (256ms)
			ReleaseScriptCaches (1ms)
			RebuildScriptCaches (33ms)
			SetupLoadedEditorAssemblies (267ms)
				LogAssemblyErrors (0ms)
				InitializePlatformSupportModulesInManaged (4ms)
				SetLoadedEditorAssemblies (0ms)
				RefreshPlugins (0ms)
				BeforeProcessingInitializeOnLoad (71ms)
				ProcessInitializeOnLoadAttributes (175ms)
				ProcessInitializeOnLoadMethodAttributes (9ms)
				AfterProcessingInitializeOnLoad (7ms)
				EditorAssembliesLoaded (0ms)
			ExecutionOrderSort2 (0ms)
			AwakeInstancesAfterBackupRestoration (6ms)
Platform modules already initialized, skipping
Refreshing native plugins compatible for Editor in 0.34 ms, found 2 plugins.
Preloading 0 native plugins for Editor in 0.00 ms.
Unloading 1500 Unused Serialized files (Serialized files now loaded: 0)
System memory in use before: 72.2 MB.
System memory in use after: 72.3 MB.

Unloading 14 unused Assets to reduce memory usage. Loaded Objects now: 1958.
Total: 3.166600 ms (FindLiveObjects: 0.118000 ms CreateObjectMapping: 0.045400 ms MarkObjects: 2.972400 ms  DeleteObjects: 0.029600 ms)

AssetImportParameters requested are different than current active one (requested -> active):
  custom:framework-win-MediaFoundation: 216162199b28c13a410421893ffa2e32 -> 
  custom:video-decoder-ogg-theora: a1e56fd34408186e4bbccfd4996cb3dc -> 
  custom:container-muxer-webm: aa71ff27fc2769a1b78a27578f13a17b -> 
  custom:container-demuxer-webm: 4f35f7cbe854078d1ac9338744f61a02 -> 
  custom:container-demuxer-ogg: 62fdf1f143b41e24485cea50d1cbac27 -> 
  custom:video-encoder-webm-vp8: eb34c28f22e8b96e1ab97ce403110664 -> 
  custom:video-decoder-webm-vp8: 9c59270c3fd7afecdb556c50c9e8de78 -> 
  custom:audio-decoder-ogg-vorbis: bf7c407c2cedff20999df2af8eb42d56 -> 
  custom:audio-encoder-webm-vorbis: bf7c407c2cedff20999df2af8eb42d56 -> 
========================================================================
Received Prepare
Registering precompiled user dll's ...
Registered in 0.003438 seconds.
Begin MonoManager ReloadAssembly
Native extension for WindowsStandalone target not found
Refreshing native plugins compatible for Editor in 0.30 ms, found 2 plugins.
Preloading 0 native plugins for Editor in 0.00 ms.
Mono: successfully reloaded assembly
- Completed reload, in  0.789 seconds
Domain Reload Profiling:
	ReloadAssembly (790ms)
		BeginReloadAssembly (99ms)
			ExecutionOrderSort (0ms)
			DisableScriptedObjects (4ms)
			BackupInstance (0ms)
			ReleaseScriptingObjects (0ms)
			CreateAndSetChildDomain (24ms)
		EndReloadAssembly (638ms)
			LoadAssemblies (87ms)
			RebuildTransferFunctionScriptingTraits (0ms)
			SetupTypeCache (226ms)
			ReleaseScriptCaches (1ms)
			RebuildScriptCaches (30ms)
			SetupLoadedEditorAssemblies (231ms)
				LogAssemblyErrors (0ms)
				InitializePlatformSupportModulesInManaged (4ms)
				SetLoadedEditorAssemblies (0ms)
				RefreshPlugins (0ms)
				BeforeProcessingInitializeOnLoad (59ms)
				ProcessInitializeOnLoadAttributes (154ms)
				ProcessInitializeOnLoadMethodAttributes (7ms)
				AfterProcessingInitializeOnLoad (7ms)
				EditorAssembliesLoaded (0ms)
			ExecutionOrderSort2 (0ms)
			AwakeInstancesAfterBackupRestoration (6ms)
Platform modules already initialized, skipping
Refreshing native plugins compatible for Editor in 0.31 ms, found 2 plugins.
Preloading 0 native plugins for Editor in 0.00 ms.
Unloading 1500 Unused Serialized files (Serialized files now loaded: 0)
System memory in use before: 72.2 MB.
System memory in use after: 72.3 MB.

Unloading 14 unused Assets to reduce memory usage. Loaded Objects now: 1960.
Total: 2.168200 ms (FindLiveObjects: 0.095100 ms CreateObjectMapping: 0.033700 ms MarkObjects: 2.023700 ms  DeleteObjects: 0.014700 ms)

AssetImportParameters requested are different than current active one (requested -> active):
  custom:framework-win-MediaFoundation: 216162199b28c13a410421893ffa2e32 -> 
  custom:video-decoder-ogg-theora: a1e56fd34408186e4bbccfd4996cb3dc -> 
  custom:container-muxer-webm: aa71ff27fc2769a1b78a27578f13a17b -> 
  custom:container-demuxer-webm: 4f35f7cbe854078d1ac9338744f61a02 -> 
  custom:container-demuxer-ogg: 62fdf1f143b41e24485cea50d1cbac27 -> 
  custom:video-encoder-webm-vp8: eb34c28f22e8b96e1ab97ce403110664 -> 
  custom:video-decoder-webm-vp8: 9c59270c3fd7afecdb556c50c9e8de78 -> 
  custom:audio-decoder-ogg-vorbis: bf7c407c2cedff20999df2af8eb42d56 -> 
  custom:audio-encoder-webm-vorbis: bf7c407c2cedff20999df2af8eb42d56 -> 
AssetImportWorkerClient::OnTransportError - code=2 error=End of file
